#
# There is insufficient memory for the Java Runtime Environment to continue.
# Native memory allocation (mmap) failed to map 184549376 bytes for G1 virtual space
# Possible reasons:
#   The system is out of physical RAM or swap space
#   The process is running with CompressedOops enabled, and the Java Heap may be blocking the growth of the native heap
# Possible solutions:
#   Reduce memory load on the system
#   Increase physical memory or swap space
#   Check if swap backing store is full
#   Decrease Java heap size (-Xmx/-Xms)
#   Decrease number of Java threads
#   Decrease Java thread stack sizes (-Xss)
#   Set larger code cache with -XX:ReservedCodeCacheSize=
#   JVM is running with Unscaled Compressed Oops mode in which the Java heap is
#     placed in the first 4GB address space. The Java Heap base address is the
#     maximum limit for the native heap growth. Please use -XX:HeapBaseMinAddress
#     to set the Java Heap base and to place the Java Heap above 4GB virtual address.
# This output file may be truncated or incomplete.
#
#  Out of Memory Error (os_windows.cpp:3613), pid=20540, tid=13520
#
# JRE version: OpenJDK Runtime Environment Temurin-17.0.10+7 (17.0.10+7) (build 17.0.10+7)
# Java VM: OpenJDK 64-Bit Server VM Temurin-17.0.10+7 (17.0.10+7, mixed mode, emulated-client, tiered, compressed oops, compressed class ptrs, g1 gc, windows-amd64)
# No core dump will be written. Minidumps are not enabled by default on client versions of Windows
#

---------------  S U M M A R Y ------------

Command Line: -Dcom.sun.management.jmxremote -Dcom.sun.management.jmxremote.port=53281 -Dcom.sun.management.jmxremote.authenticate=false -Dcom.sun.management.jmxremote.ssl=false -Djava.rmi.server.hostname=localhost -Dspring.jmx.enabled=true -Dmanagement.endpoints.jmx.exposure.include=* -Dspring.application.admin.enabled=true -XX:TieredStopAtLevel=1 -Dspring.boot.project.name=findFounder -Dfile.encoding=UTF-8 -Dstdout.encoding=UTF-8 -Dstderr.encoding=UTF-8 -XX:+ShowCodeDetailsInExceptionMessages com.example.demo.FindFounderApplication --spring.output.ansi.enabled=always

Host: Intel(R) Core(TM) i5-8265U CPU @ 1.60GHz, 8 cores, 7G,  Windows 11 , 64 bit Build 22621 (10.0.22621.3374)
Time: Tue Apr 23 19:02:04 2024  Windows 11 , 64 bit Build 22621 (10.0.22621.3374) elapsed time: 43.959960 seconds (0d 0h 0m 43s)

---------------  T H R E A D  ---------------

Current thread (0x000001fa7f214e00):  VMThread "VM Thread" [stack: 0x0000007a9fd00000,0x0000007a9fe00000] [id=13520]

Stack: [0x0000007a9fd00000,0x0000007a9fe00000]
Native frames: (J=compiled Java code, j=interpreted, Vv=VM code, C=native code)
V  [jvm.dll+0x67d2c9]
V  [jvm.dll+0x834afa]
V  [jvm.dll+0x8365be]
V  [jvm.dll+0x836c23]
V  [jvm.dll+0x2477ff]
V  [jvm.dll+0x67a109]
V  [jvm.dll+0x66eb7a]
V  [jvm.dll+0x30764b]
V  [jvm.dll+0x30eaf6]
V  [jvm.dll+0x35e83e]
V  [jvm.dll+0x35ea6f]
V  [jvm.dll+0x2de248]
V  [jvm.dll+0x2dc424]
V  [jvm.dll+0x2dba2c]
V  [jvm.dll+0x31faeb]
V  [jvm.dll+0x83b11b]
V  [jvm.dll+0x83be61]
V  [jvm.dll+0x83c37d]
V  [jvm.dll+0x83c754]
V  [jvm.dll+0x83c820]
V  [jvm.dll+0x7e3fba]
V  [jvm.dll+0x67c1b5]
C  [ucrtbase.dll+0x29333]
C  [KERNEL32.DLL+0x1257d]
C  [ntdll.dll+0x5aa48]

VM_Operation (0x0000007aa32fe2b0): G1CollectForAllocation, mode: safepoint, requested by thread 0x000001fa0d62cff0


---------------  P R O C E S S  ---------------

Threads class SMR info:
_java_thread_list=0x000001fa0d2c6db0, length=41, elements={
0x000001fa77381840, 0x000001fa0a02f020, 0x000001fa0a030550, 0x000001fa7f21b620,
0x000001fa7f21c0f0, 0x000001fa7f21ccb0, 0x000001fa7f21d670, 0x000001fa7f21e030,
0x000001fa0a0a5fd0, 0x000001fa7f1a8a10, 0x000001fa0a1c93f0, 0x000001fa0a22d4d0,
0x000001fa0a969600, 0x000001fa0a969ae0, 0x000001fa0a96f040, 0x000001fa0a96f8d0,
0x000001fa0aa94970, 0x000001fa0aa95250, 0x000001fa0abc75f0, 0x000001fa0abc7b00,
0x000001fa0abc9960, 0x000001fa0abc8a30, 0x000001fa0abca890, 0x000001fa0abc9e70,
0x000001fa0abc8010, 0x000001fa0abc8520, 0x000001fa0d1f5410, 0x000001fa0cb1a800,
0x000001fa0cb198d0, 0x000001fa0cb189a0, 0x000001fa0cb1b730, 0x000001fa0cb193c0,
0x000001fa0cb17f80, 0x000001fa0cb1b220, 0x000001fa0cb18490, 0x000001fa0cb19de0,
0x000001fa0cb18eb0, 0x000001fa0cb1a2f0, 0x000001fa0abca380, 0x000001fa0d62cff0,
0x000001fa0d629d50
}

Java Threads: ( => current thread )
  0x000001fa77381840 JavaThread "main" [_thread_blocked, id=13244, stack(0x0000007a9f700000,0x0000007a9f800000)]
  0x000001fa0a02f020 JavaThread "Reference Handler" daemon [_thread_blocked, id=10256, stack(0x0000007a9fe00000,0x0000007a9ff00000)]
  0x000001fa0a030550 JavaThread "Finalizer" daemon [_thread_blocked, id=12752, stack(0x0000007a9ff00000,0x0000007aa0000000)]
  0x000001fa7f21b620 JavaThread "Signal Dispatcher" daemon [_thread_blocked, id=5280, stack(0x0000007aa0000000,0x0000007aa0100000)]
  0x000001fa7f21c0f0 JavaThread "Attach Listener" daemon [_thread_blocked, id=6844, stack(0x0000007aa0100000,0x0000007aa0200000)]
  0x000001fa7f21ccb0 JavaThread "Service Thread" daemon [_thread_blocked, id=18548, stack(0x0000007aa0200000,0x0000007aa0300000)]
  0x000001fa7f21d670 JavaThread "Monitor Deflation Thread" daemon [_thread_blocked, id=11540, stack(0x0000007aa0300000,0x0000007aa0400000)]
  0x000001fa7f21e030 JavaThread "C1 CompilerThread0" daemon [_thread_blocked, id=15492, stack(0x0000007aa0400000,0x0000007aa0500000)]
  0x000001fa0a0a5fd0 JavaThread "Sweeper thread" daemon [_thread_blocked, id=18584, stack(0x0000007aa0500000,0x0000007aa0600000)]
  0x000001fa7f1a8a10 JavaThread "Common-Cleaner" daemon [_thread_blocked, id=3296, stack(0x0000007aa0600000,0x0000007aa0700000)]
  0x000001fa0a1c93f0 JavaThread "C1 CompilerThread1" daemon [_thread_blocked, id=1492, stack(0x0000007aa0700000,0x0000007aa0800000)]
  0x000001fa0a22d4d0 JavaThread "Notification Thread" daemon [_thread_blocked, id=9920, stack(0x0000007aa0800000,0x0000007aa0900000)]
  0x000001fa0a969600 JavaThread "RMI TCP Accept-0" daemon [_thread_in_native, id=4156, stack(0x0000007aa0a00000,0x0000007aa0b00000)]
  0x000001fa0a969ae0 JavaThread "RMI TCP Accept-53281" daemon [_thread_in_native, id=11308, stack(0x0000007aa0b00000,0x0000007aa0c00000)]
  0x000001fa0a96f040 JavaThread "RMI TCP Accept-0" daemon [_thread_in_native, id=14244, stack(0x0000007aa0c00000,0x0000007aa0d00000)]
  0x000001fa0a96f8d0 JavaThread "RMI TCP Connection(idle)" daemon [_thread_blocked, id=20760, stack(0x0000007aa0e00000,0x0000007aa0f00000)]
  0x000001fa0aa94970 JavaThread "RMI Scheduler(0)" daemon [_thread_blocked, id=4868, stack(0x0000007aa0f00000,0x0000007aa1000000)]
  0x000001fa0aa95250 JavaThread "RMI TCP Connection(2)-127.0.0.1" daemon [_thread_in_native, id=14964, stack(0x0000007aa1000000,0x0000007aa1100000)]
  0x000001fa0abc75f0 JavaThread "JMX server connection timeout 22" daemon [_thread_blocked, id=3980, stack(0x0000007aa1100000,0x0000007aa1200000)]
  0x000001fa0abc7b00 JavaThread "Thread-0" [_thread_blocked, id=21472, stack(0x0000007aa1b00000,0x0000007aa1c00000)]
  0x000001fa0abc9960 JavaThread "restartedMain" [_thread_blocked, id=18884, stack(0x0000007aa1c00000,0x0000007aa1d00000)]
  0x000001fa0abc8a30 JavaThread "Catalina-utility-1" [_thread_blocked, id=16188, stack(0x0000007aa1f00000,0x0000007aa2000000)]
  0x000001fa0abca890 JavaThread "Catalina-utility-2" [_thread_blocked, id=12320, stack(0x0000007aa2000000,0x0000007aa2100000)]
  0x000001fa0abc9e70 JavaThread "container-0" [_thread_blocked, id=16976, stack(0x0000007aa2100000,0x0000007aa2200000)]
  0x000001fa0abc8010 JavaThread "mysql-cj-abandoned-connection-cleanup" daemon [_thread_blocked, id=17172, stack(0x0000007aa2200000,0x0000007aa2300000)]
  0x000001fa0abc8520 JavaThread "HikariPool-1 housekeeper" daemon [_thread_blocked, id=2516, stack(0x0000007aa1d00000,0x0000007aa1e00000)]
  0x000001fa0d1f5410 JavaThread "C1 CompilerThread2" daemon [_thread_blocked, id=15736, stack(0x0000007aa2700000,0x0000007aa2800000)]
  0x000001fa0cb1a800 JavaThread "ClassGraph-worker-84" daemon [_thread_blocked, id=11228, stack(0x0000007aa2500000,0x0000007aa2600000)]
  0x000001fa0cb198d0 JavaThread "ClassGraph-worker-85" daemon [_thread_blocked, id=17392, stack(0x0000007aa2600000,0x0000007aa2700000)]
  0x000001fa0cb189a0 JavaThread "ClassGraph-worker-86" daemon [_thread_blocked, id=19544, stack(0x0000007aa2800000,0x0000007aa2900000)]
  0x000001fa0cb1b730 JavaThread "ClassGraph-worker-87" daemon [_thread_blocked, id=15472, stack(0x0000007aa2900000,0x0000007aa2a00000)]
  0x000001fa0cb193c0 JavaThread "ClassGraph-worker-88" daemon [_thread_blocked, id=1556, stack(0x0000007aa2a00000,0x0000007aa2b00000)]
  0x000001fa0cb17f80 JavaThread "ClassGraph-worker-89" daemon [_thread_blocked, id=7800, stack(0x0000007aa2b00000,0x0000007aa2c00000)]
  0x000001fa0cb1b220 JavaThread "ClassGraph-worker-90" daemon [_thread_blocked, id=16236, stack(0x0000007aa2c00000,0x0000007aa2d00000)]
  0x000001fa0cb18490 JavaThread "ClassGraph-worker-91" daemon [_thread_blocked, id=6496, stack(0x0000007aa2d00000,0x0000007aa2e00000)]
  0x000001fa0cb19de0 JavaThread "ClassGraph-worker-92" daemon [_thread_blocked, id=14224, stack(0x0000007aa2e00000,0x0000007aa2f00000)]
  0x000001fa0cb18eb0 JavaThread "ClassGraph-worker-93" daemon [_thread_blocked, id=11416, stack(0x0000007aa2f00000,0x0000007aa3000000)]
  0x000001fa0cb1a2f0 JavaThread "ClassGraph-worker-94" daemon [_thread_blocked, id=14096, stack(0x0000007aa3000000,0x0000007aa3100000)]
  0x000001fa0abca380 JavaThread "ClassGraph-worker-95" daemon [_thread_blocked, id=14988, stack(0x0000007aa3100000,0x0000007aa3200000)]
  0x000001fa0d62cff0 JavaThread "ClassGraph-worker-96" daemon [_thread_blocked, id=18268, stack(0x0000007aa3200000,0x0000007aa3300000)]
  0x000001fa0d629d50 JavaThread "ClassGraph-worker-97" daemon [_thread_blocked, id=5824, stack(0x0000007aa3300000,0x0000007aa3400000)]

Other Threads:
=>0x000001fa7f214e00 VMThread "VM Thread" [stack: 0x0000007a9fd00000,0x0000007a9fe00000] [id=13520]
  0x000001fa0a965870 WatcherThread [stack: 0x0000007aa0d00000,0x0000007aa0e00000] [id=11188]
  0x000001fa773dba30 GCTaskThread "GC Thread#0" [stack: 0x0000007a9f800000,0x0000007a9f900000] [id=11948]
  0x000001fa0b31abe0 GCTaskThread "GC Thread#1" [stack: 0x0000007aa1200000,0x0000007aa1300000] [id=12468]
  0x000001fa0b31aea0 GCTaskThread "GC Thread#2" [stack: 0x0000007aa1300000,0x0000007aa1400000] [id=20084]
  0x000001fa0b35fd80 GCTaskThread "GC Thread#3" [stack: 0x0000007aa1400000,0x0000007aa1500000] [id=20744]
  0x000001fa0b360040 GCTaskThread "GC Thread#4" [stack: 0x0000007aa1500000,0x0000007aa1600000] [id=16264]
  0x000001fa0b360910 GCTaskThread "GC Thread#5" [stack: 0x0000007aa1600000,0x0000007aa1700000] [id=19136]
  0x000001fa0b360bd0 GCTaskThread "GC Thread#6" [stack: 0x0000007aa1700000,0x0000007aa1800000] [id=16836]
  0x000001fa0b360e90 GCTaskThread "GC Thread#7" [stack: 0x0000007aa1800000,0x0000007aa1900000] [id=19740]
  0x000001fa773ec340 ConcurrentGCThread "G1 Main Marker" [stack: 0x0000007a9f900000,0x0000007a9fa00000] [id=14128]
  0x000001fa773ed500 ConcurrentGCThread "G1 Conc#0" [stack: 0x0000007a9fa00000,0x0000007a9fb00000] [id=15776]
  0x000001fa0b54d0f0 ConcurrentGCThread "G1 Conc#1" [stack: 0x0000007aa1e00000,0x0000007aa1f00000] [id=16752]
  0x000001fa7f078550 ConcurrentGCThread "G1 Refine#0" [stack: 0x0000007a9fb00000,0x0000007a9fc00000] [id=10436]
  0x000001fa0b31b160 ConcurrentGCThread "G1 Refine#1" [stack: 0x0000007aa1900000,0x0000007aa1a00000] [id=13376]
  0x000001fa0b361260 ConcurrentGCThread "G1 Refine#2" [stack: 0x0000007aa1a00000,0x0000007aa1b00000] [id=6372]
  0x000001fa7f078f80 ConcurrentGCThread "G1 Service" [stack: 0x0000007a9fc00000,0x0000007a9fd00000] [id=11132]

Threads with active compile tasks:

VM state: at safepoint (normal execution)

VM Mutex/Monitor currently owned by a thread:  ([mutex/lock_event])
[0x000001fa7737ecb0] Threads_lock - owner thread: 0x000001fa7f214e00
[0x000001fa7737cf70] Heap_lock - owner thread: 0x000001fa0d62cff0

Heap address: 0x0000000083200000, size: 1998 MB, Compressed Oops mode: 32-bit

CDS archive(s) not mapped
Compressed class space mapped at: 0x0000000100000000-0x0000000140000000, reserved size: 1073741824
Narrow klass base: 0x0000000000000000, Narrow klass shift: 3, Narrow klass range: 0x140000000

GC Precious Log:
 CPUs: 8 total, 8 available
 Memory: 7986M
 Large Page Support: Disabled
 NUMA Support: Disabled
 Compressed Oops: Enabled (32-bit)
 Heap Region Size: 1M
 Heap Min Capacity: 8M
 Heap Initial Capacity: 126M
 Heap Max Capacity: 1998M
 Pre-touch: Disabled
 Parallel Workers: 8
 Concurrent Workers: 2
 Concurrent Refinement Workers: 8
 Periodic GC: Disabled

Heap:
 garbage-first heap   total 157696K, used 86016K [0x0000000083200000, 0x0000000100000000)
  region size 1024K, 4 young (4096K), 4 survivors (4096K)
 Metaspace       used 85246K, committed 85824K, reserved 1179648K
  class space    used 11948K, committed 12224K, reserved 1048576K

Heap Regions: E=young(eden), S=young(survivor), O=old, HS=humongous(starts), HC=humongous(continues), CS=collection set, F=free, OA=open archive, CA=closed archive, TAMS=top-at-mark-start (previous, next)
|   0|0x0000000083200000, 0x0000000083300000, 0x0000000083300000|100%|HS|  |TAMS 0x0000000083300000, 0x0000000083200000| Complete 
|   1|0x0000000083300000, 0x0000000083400000, 0x0000000083400000|100%| O|  |TAMS 0x0000000083400000, 0x0000000083300000| Untracked 
|   2|0x0000000083400000, 0x0000000083500000, 0x0000000083500000|100%| O|  |TAMS 0x0000000083500000, 0x0000000083400000| Untracked 
|   3|0x0000000083500000, 0x0000000083600000, 0x0000000083600000|100%| O|  |TAMS 0x0000000083600000, 0x0000000083500000| Untracked 
|   4|0x0000000083600000, 0x0000000083700000, 0x0000000083700000|100%| O|  |TAMS 0x0000000083700000, 0x0000000083600000| Untracked 
|   5|0x0000000083700000, 0x0000000083800000, 0x0000000083800000|100%| O|  |TAMS 0x0000000083800000, 0x0000000083700000| Untracked 
|   6|0x0000000083800000, 0x0000000083900000, 0x0000000083900000|100%| O|  |TAMS 0x0000000083900000, 0x0000000083800000| Untracked 
|   7|0x0000000083900000, 0x0000000083a00000, 0x0000000083a00000|100%| O|  |TAMS 0x0000000083a00000, 0x0000000083900000| Untracked 
|   8|0x0000000083a00000, 0x0000000083b00000, 0x0000000083b00000|100%| O|  |TAMS 0x0000000083b00000, 0x0000000083a00000| Untracked 
|   9|0x0000000083b00000, 0x0000000083c00000, 0x0000000083c00000|100%| O|  |TAMS 0x0000000083c00000, 0x0000000083b00000| Untracked 
|  10|0x0000000083c00000, 0x0000000083d00000, 0x0000000083d00000|100%| O|  |TAMS 0x0000000083d00000, 0x0000000083c00000| Untracked 
|  11|0x0000000083d00000, 0x0000000083e00000, 0x0000000083e00000|100%| O|  |TAMS 0x0000000083e00000, 0x0000000083d00000| Untracked 
|  12|0x0000000083e00000, 0x0000000083f00000, 0x0000000083f00000|100%| O|  |TAMS 0x0000000083f00000, 0x0000000083e00000| Untracked 
|  13|0x0000000083f00000, 0x0000000084000000, 0x0000000084000000|100%| O|  |TAMS 0x0000000084000000, 0x0000000083f00000| Untracked 
|  14|0x0000000084000000, 0x0000000084100000, 0x0000000084100000|100%| O|  |TAMS 0x0000000084100000, 0x0000000084000000| Untracked 
|  15|0x0000000084100000, 0x0000000084200000, 0x0000000084200000|100%| O|  |TAMS 0x0000000084100000, 0x0000000084100000| Untracked 
|  16|0x0000000084200000, 0x0000000084300000, 0x0000000084300000|100%| O|  |TAMS 0x0000000084300000, 0x0000000084200000| Untracked 
|  17|0x0000000084300000, 0x0000000084400000, 0x0000000084400000|100%| O|  |TAMS 0x0000000084300000, 0x0000000084300000| Untracked 
|  18|0x0000000084400000, 0x0000000084500000, 0x0000000084500000|100%| O|  |TAMS 0x0000000084500000, 0x0000000084400000| Untracked 
|  19|0x0000000084500000, 0x0000000084600000, 0x0000000084600000|100%| O|  |TAMS 0x0000000084600000, 0x0000000084500000| Untracked 
|  20|0x0000000084600000, 0x0000000084700000, 0x0000000084700000|100%| O|  |TAMS 0x0000000084700000, 0x0000000084600000| Untracked 
|  21|0x0000000084700000, 0x0000000084800000, 0x0000000084800000|100%| O|  |TAMS 0x0000000084800000, 0x0000000084700000| Untracked 
|  22|0x0000000084800000, 0x0000000084900000, 0x0000000084900000|100%| O|  |TAMS 0x0000000084900000, 0x0000000084800000| Untracked 
|  23|0x0000000084900000, 0x0000000084a00000, 0x0000000084a00000|100%| O|  |TAMS 0x0000000084a00000, 0x0000000084900000| Untracked 
|  24|0x0000000084a00000, 0x0000000084b00000, 0x0000000084b00000|100%| O|  |TAMS 0x0000000084b00000, 0x0000000084a00000| Untracked 
|  25|0x0000000084b00000, 0x0000000084c00000, 0x0000000084c00000|100%| O|  |TAMS 0x0000000084c00000, 0x0000000084b00000| Untracked 
|  26|0x0000000084c00000, 0x0000000084d00000, 0x0000000084d00000|100%| O|  |TAMS 0x0000000084d00000, 0x0000000084c00000| Untracked 
|  27|0x0000000084d00000, 0x0000000084e00000, 0x0000000084e00000|100%| O|  |TAMS 0x0000000084e00000, 0x0000000084d00000| Untracked 
|  28|0x0000000084e00000, 0x0000000084f00000, 0x0000000084f00000|100%| O|  |TAMS 0x0000000084f00000, 0x0000000084e00000| Untracked 
|  29|0x0000000084f00000, 0x0000000085000000, 0x0000000085000000|100%| O|  |TAMS 0x0000000085000000, 0x0000000084f00000| Untracked 
|  30|0x0000000085000000, 0x0000000085100000, 0x0000000085100000|100%| O|  |TAMS 0x0000000085100000, 0x0000000085000000| Untracked 
|  31|0x0000000085100000, 0x0000000085200000, 0x0000000085200000|100%| O|  |TAMS 0x0000000085200000, 0x0000000085100000| Untracked 
|  32|0x0000000085200000, 0x0000000085300000, 0x0000000085300000|100%| O|  |TAMS 0x0000000085300000, 0x0000000085200000| Untracked 
|  33|0x0000000085300000, 0x0000000085400000, 0x0000000085400000|100%| O|  |TAMS 0x0000000085400000, 0x0000000085300000| Untracked 
|  34|0x0000000085400000, 0x0000000085500000, 0x0000000085500000|100%| O|  |TAMS 0x0000000085500000, 0x0000000085400000| Untracked 
|  35|0x0000000085500000, 0x0000000085600000, 0x0000000085600000|100%| O|  |TAMS 0x0000000085500000, 0x0000000085500000| Untracked 
|  36|0x0000000085600000, 0x0000000085700000, 0x0000000085700000|100%| O|  |TAMS 0x0000000085600000, 0x0000000085600000| Untracked 
|  37|0x0000000085700000, 0x0000000085800000, 0x0000000085800000|100%| O|  |TAMS 0x0000000085700000, 0x0000000085700000| Untracked 
|  38|0x0000000085800000, 0x0000000085900000, 0x0000000085900000|100%| O|  |TAMS 0x0000000085800000, 0x0000000085800000| Untracked 
|  39|0x0000000085900000, 0x0000000085a00000, 0x0000000085a00000|100%| O|  |TAMS 0x0000000085900000, 0x0000000085900000| Untracked 
|  40|0x0000000085a00000, 0x0000000085b00000, 0x0000000085b00000|100%| O|  |TAMS 0x0000000085a00000, 0x0000000085a00000| Untracked 
|  41|0x0000000085b00000, 0x0000000085c00000, 0x0000000085c00000|100%| O|  |TAMS 0x0000000085b00000, 0x0000000085b00000| Untracked 
|  42|0x0000000085c00000, 0x0000000085d00000, 0x0000000085d00000|100%| O|  |TAMS 0x0000000085c00000, 0x0000000085c00000| Untracked 
|  43|0x0000000085d00000, 0x0000000085e00000, 0x0000000085e00000|100%| O|  |TAMS 0x0000000085d00000, 0x0000000085d00000| Untracked 
|  44|0x0000000085e00000, 0x0000000085f00000, 0x0000000085f00000|100%| O|  |TAMS 0x0000000085e00000, 0x0000000085e00000| Untracked 
|  45|0x0000000085f00000, 0x0000000086000000, 0x0000000086000000|100%| O|  |TAMS 0x0000000085f00000, 0x0000000085f00000| Untracked 
|  46|0x0000000086000000, 0x0000000086100000, 0x0000000086100000|100%| O|  |TAMS 0x0000000086000000, 0x0000000086000000| Untracked 
|  47|0x0000000086100000, 0x0000000086200000, 0x0000000086200000|100%| O|  |TAMS 0x0000000086100000, 0x0000000086100000| Untracked 
|  48|0x0000000086200000, 0x0000000086300000, 0x0000000086300000|100%| O|  |TAMS 0x0000000086200000, 0x0000000086200000| Untracked 
|  49|0x0000000086300000, 0x0000000086400000, 0x0000000086400000|100%| O|  |TAMS 0x0000000086300000, 0x0000000086300000| Untracked 
|  50|0x0000000086400000, 0x0000000086500000, 0x0000000086500000|100%| O|  |TAMS 0x0000000086400000, 0x0000000086400000| Untracked 
|  51|0x0000000086500000, 0x0000000086600000, 0x0000000086600000|100%| O|  |TAMS 0x0000000086500000, 0x0000000086500000| Untracked 
|  52|0x0000000086600000, 0x0000000086700000, 0x0000000086700000|100%| O|  |TAMS 0x0000000086600000, 0x0000000086600000| Untracked 
|  53|0x0000000086700000, 0x0000000086800000, 0x0000000086800000|100%| O|  |TAMS 0x0000000086700000, 0x0000000086700000| Untracked 
|  54|0x0000000086800000, 0x0000000086900000, 0x0000000086900000|100%| O|  |TAMS 0x0000000086800000, 0x0000000086800000| Untracked 
|  55|0x0000000086900000, 0x0000000086a00000, 0x0000000086a00000|100%| O|  |TAMS 0x0000000086900000, 0x0000000086900000| Untracked 
|  56|0x0000000086a00000, 0x0000000086b00000, 0x0000000086b00000|100%| O|  |TAMS 0x0000000086a00000, 0x0000000086a00000| Untracked 
|  57|0x0000000086b00000, 0x0000000086c00000, 0x0000000086c00000|100%| O|  |TAMS 0x0000000086b00000, 0x0000000086b00000| Untracked 
|  58|0x0000000086c00000, 0x0000000086d00000, 0x0000000086d00000|100%| O|  |TAMS 0x0000000086c00000, 0x0000000086c00000| Untracked 
|  59|0x0000000086d00000, 0x0000000086e00000, 0x0000000086e00000|100%| O|  |TAMS 0x0000000086d00000, 0x0000000086d00000| Untracked 
|  60|0x0000000086e00000, 0x0000000086f00000, 0x0000000086f00000|100%| O|  |TAMS 0x0000000086e00000, 0x0000000086e00000| Untracked 
|  61|0x0000000086f00000, 0x0000000087000000, 0x0000000087000000|100%| O|  |TAMS 0x0000000086f00000, 0x0000000086f00000| Untracked 
|  62|0x0000000087000000, 0x0000000087100000, 0x0000000087100000|100%| O|  |TAMS 0x0000000087000000, 0x0000000087000000| Untracked 
|  63|0x0000000087100000, 0x0000000087200000, 0x0000000087200000|100%| O|  |TAMS 0x0000000087100000, 0x0000000087100000| Untracked 
|  64|0x0000000087200000, 0x0000000087300000, 0x0000000087300000|100%| O|  |TAMS 0x0000000087200000, 0x0000000087200000| Untracked 
|  65|0x0000000087300000, 0x0000000087400000, 0x0000000087400000|100%| O|  |TAMS 0x0000000087300000, 0x0000000087300000| Untracked 
|  66|0x0000000087400000, 0x0000000087500000, 0x0000000087500000|100%| O|  |TAMS 0x0000000087400000, 0x0000000087400000| Untracked 
|  67|0x0000000087500000, 0x0000000087600000, 0x0000000087600000|100%| O|  |TAMS 0x0000000087500000, 0x0000000087500000| Untracked 
|  68|0x0000000087600000, 0x0000000087700000, 0x0000000087700000|100%| O|  |TAMS 0x0000000087600000, 0x0000000087600000| Untracked 
|  69|0x0000000087700000, 0x0000000087800000, 0x0000000087800000|100%| O|  |TAMS 0x0000000087700000, 0x0000000087700000| Untracked 
|  70|0x0000000087800000, 0x0000000087900000, 0x0000000087900000|100%| O|  |TAMS 0x0000000087800000, 0x0000000087800000| Untracked 
|  71|0x0000000087900000, 0x0000000087a00000, 0x0000000087a00000|100%| O|  |TAMS 0x0000000087900000, 0x0000000087900000| Untracked 
|  72|0x0000000087a00000, 0x0000000087b00000, 0x0000000087b00000|100%| O|  |TAMS 0x0000000087a00000, 0x0000000087a00000| Untracked 
|  73|0x0000000087b00000, 0x0000000087c00000, 0x0000000087c00000|100%| O|  |TAMS 0x0000000087b00000, 0x0000000087b00000| Untracked 
|  74|0x0000000087c00000, 0x0000000087d00000, 0x0000000087d00000|100%| O|  |TAMS 0x0000000087c00000, 0x0000000087c00000| Untracked 
|  75|0x0000000087d00000, 0x0000000087e00000, 0x0000000087e00000|100%| O|  |TAMS 0x0000000087d00000, 0x0000000087d00000| Untracked 
|  76|0x0000000087e00000, 0x0000000087f00000, 0x0000000087f00000|100%| O|  |TAMS 0x0000000087e00000, 0x0000000087e00000| Untracked 
|  77|0x0000000087f00000, 0x0000000088000000, 0x0000000088000000|100%| O|  |TAMS 0x0000000087f00000, 0x0000000087f00000| Untracked 
|  78|0x0000000088000000, 0x0000000088100000, 0x0000000088100000|100%| O|  |TAMS 0x0000000088000000, 0x0000000088000000| Untracked 
|  79|0x0000000088100000, 0x0000000088200000, 0x0000000088200000|100%| O|  |TAMS 0x0000000088100000, 0x0000000088100000| Untracked 
|  80|0x0000000088200000, 0x0000000088200000, 0x0000000088300000|  0%| F|  |TAMS 0x0000000088200000, 0x0000000088200000| Untracked 
|  81|0x0000000088300000, 0x0000000088300000, 0x0000000088400000|  0%| F|  |TAMS 0x0000000088300000, 0x0000000088300000| Untracked 
|  82|0x0000000088400000, 0x0000000088400000, 0x0000000088500000|  0%| F|  |TAMS 0x0000000088400000, 0x0000000088400000| Untracked 
|  83|0x0000000088500000, 0x0000000088500000, 0x0000000088600000|  0%| F|  |TAMS 0x0000000088500000, 0x0000000088500000| Untracked 
|  84|0x0000000088600000, 0x0000000088600000, 0x0000000088700000|  0%| F|  |TAMS 0x0000000088600000, 0x0000000088600000| Untracked 
|  85|0x0000000088700000, 0x0000000088700000, 0x0000000088800000|  0%| F|  |TAMS 0x0000000088700000, 0x0000000088700000| Untracked 
|  86|0x0000000088800000, 0x0000000088800000, 0x0000000088900000|  0%| F|  |TAMS 0x0000000088800000, 0x0000000088800000| Untracked 
|  87|0x0000000088900000, 0x0000000088900000, 0x0000000088a00000|  0%| F|  |TAMS 0x0000000088900000, 0x0000000088900000| Untracked 
|  88|0x0000000088a00000, 0x0000000088a00000, 0x0000000088b00000|  0%| F|  |TAMS 0x0000000088a00000, 0x0000000088a00000| Untracked 
|  89|0x0000000088b00000, 0x0000000088b00000, 0x0000000088c00000|  0%| F|  |TAMS 0x0000000088b00000, 0x0000000088b00000| Untracked 
|  90|0x0000000088c00000, 0x0000000088c00000, 0x0000000088d00000|  0%| F|  |TAMS 0x0000000088c00000, 0x0000000088c00000| Untracked 
|  91|0x0000000088d00000, 0x0000000088d00000, 0x0000000088e00000|  0%| F|  |TAMS 0x0000000088d00000, 0x0000000088d00000| Untracked 
|  92|0x0000000088e00000, 0x0000000088e00000, 0x0000000088f00000|  0%| F|  |TAMS 0x0000000088e00000, 0x0000000088e00000| Untracked 
|  93|0x0000000088f00000, 0x0000000088f00000, 0x0000000089000000|  0%| F|  |TAMS 0x0000000088f00000, 0x0000000088f00000| Untracked 
|  94|0x0000000089000000, 0x0000000089000000, 0x0000000089100000|  0%| F|  |TAMS 0x0000000089000000, 0x0000000089000000| Untracked 
|  95|0x0000000089100000, 0x0000000089100000, 0x0000000089200000|  0%| F|  |TAMS 0x0000000089100000, 0x0000000089100000| Untracked 
|  96|0x0000000089200000, 0x0000000089200000, 0x0000000089300000|  0%| F|  |TAMS 0x0000000089200000, 0x0000000089200000| Untracked 
|  97|0x0000000089300000, 0x0000000089300000, 0x0000000089400000|  0%| F|  |TAMS 0x0000000089300000, 0x0000000089300000| Untracked 
|  98|0x0000000089400000, 0x0000000089400000, 0x0000000089500000|  0%| F|  |TAMS 0x0000000089400000, 0x0000000089400000| Untracked 
|  99|0x0000000089500000, 0x0000000089500000, 0x0000000089600000|  0%| F|  |TAMS 0x0000000089500000, 0x0000000089500000| Untracked 
| 100|0x0000000089600000, 0x0000000089700000, 0x0000000089700000|100%| S|CS|TAMS 0x0000000089600000, 0x0000000089600000| Complete 
| 101|0x0000000089700000, 0x0000000089800000, 0x0000000089800000|100%| S|CS|TAMS 0x0000000089700000, 0x0000000089700000| Complete 
| 102|0x0000000089800000, 0x0000000089900000, 0x0000000089900000|100%| S|CS|TAMS 0x0000000089800000, 0x0000000089800000| Complete 
| 103|0x0000000089900000, 0x0000000089a00000, 0x0000000089a00000|100%| S|CS|TAMS 0x0000000089900000, 0x0000000089900000| Complete 
| 104|0x0000000089a00000, 0x0000000089a00000, 0x0000000089b00000|  0%| F|  |TAMS 0x0000000089a00000, 0x0000000089a00000| Untracked 
| 105|0x0000000089b00000, 0x0000000089b00000, 0x0000000089c00000|  0%| F|  |TAMS 0x0000000089b00000, 0x0000000089b00000| Untracked 
| 106|0x0000000089c00000, 0x0000000089c00000, 0x0000000089d00000|  0%| F|  |TAMS 0x0000000089c00000, 0x0000000089c00000| Untracked 
| 107|0x0000000089d00000, 0x0000000089d00000, 0x0000000089e00000|  0%| F|  |TAMS 0x0000000089d00000, 0x0000000089d00000| Untracked 
| 108|0x0000000089e00000, 0x0000000089e00000, 0x0000000089f00000|  0%| F|  |TAMS 0x0000000089e00000, 0x0000000089e00000| Untracked 
| 109|0x0000000089f00000, 0x0000000089f00000, 0x000000008a000000|  0%| F|  |TAMS 0x0000000089f00000, 0x0000000089f00000| Untracked 
| 110|0x000000008a000000, 0x000000008a000000, 0x000000008a100000|  0%| F|  |TAMS 0x000000008a000000, 0x000000008a000000| Untracked 
| 111|0x000000008a100000, 0x000000008a100000, 0x000000008a200000|  0%| F|  |TAMS 0x000000008a100000, 0x000000008a100000| Untracked 
| 112|0x000000008a200000, 0x000000008a200000, 0x000000008a300000|  0%| F|  |TAMS 0x000000008a200000, 0x000000008a200000| Untracked 
| 113|0x000000008a300000, 0x000000008a300000, 0x000000008a400000|  0%| F|  |TAMS 0x000000008a300000, 0x000000008a300000| Untracked 
| 114|0x000000008a400000, 0x000000008a400000, 0x000000008a500000|  0%| F|  |TAMS 0x000000008a400000, 0x000000008a400000| Untracked 
| 115|0x000000008a500000, 0x000000008a500000, 0x000000008a600000|  0%| F|  |TAMS 0x000000008a500000, 0x000000008a500000| Untracked 
| 116|0x000000008a600000, 0x000000008a600000, 0x000000008a700000|  0%| F|  |TAMS 0x000000008a600000, 0x000000008a600000| Untracked 
| 117|0x000000008a700000, 0x000000008a700000, 0x000000008a800000|  0%| F|  |TAMS 0x000000008a700000, 0x000000008a700000| Untracked 
| 118|0x000000008a800000, 0x000000008a800000, 0x000000008a900000|  0%| F|  |TAMS 0x000000008a800000, 0x000000008a800000| Untracked 
| 119|0x000000008a900000, 0x000000008a900000, 0x000000008aa00000|  0%| F|  |TAMS 0x000000008a900000, 0x000000008a900000| Untracked 
| 120|0x000000008aa00000, 0x000000008aa00000, 0x000000008ab00000|  0%| F|  |TAMS 0x000000008aa00000, 0x000000008aa00000| Untracked 
| 121|0x000000008ab00000, 0x000000008ab00000, 0x000000008ac00000|  0%| F|  |TAMS 0x000000008ab00000, 0x000000008ab00000| Untracked 
| 122|0x000000008ac00000, 0x000000008ac00000, 0x000000008ad00000|  0%| F|  |TAMS 0x000000008ac00000, 0x000000008ac00000| Untracked 
| 123|0x000000008ad00000, 0x000000008ad00000, 0x000000008ae00000|  0%| F|  |TAMS 0x000000008ad00000, 0x000000008ad00000| Untracked 
| 124|0x000000008ae00000, 0x000000008ae00000, 0x000000008af00000|  0%| F|  |TAMS 0x000000008ae00000, 0x000000008ae00000| Untracked 
| 125|0x000000008af00000, 0x000000008af00000, 0x000000008b000000|  0%| F|  |TAMS 0x000000008af00000, 0x000000008af00000| Untracked 
| 126|0x000000008b000000, 0x000000008b000000, 0x000000008b100000|  0%| F|  |TAMS 0x000000008b000000, 0x000000008b000000| Untracked 
| 127|0x000000008b100000, 0x000000008b100000, 0x000000008b200000|  0%| F|  |TAMS 0x000000008b100000, 0x000000008b100000| Untracked 
| 128|0x000000008b200000, 0x000000008b200000, 0x000000008b300000|  0%| F|  |TAMS 0x000000008b200000, 0x000000008b200000| Untracked 
| 129|0x000000008b300000, 0x000000008b300000, 0x000000008b400000|  0%| F|  |TAMS 0x000000008b300000, 0x000000008b300000| Untracked 
| 130|0x000000008b400000, 0x000000008b400000, 0x000000008b500000|  0%| F|  |TAMS 0x000000008b400000, 0x000000008b400000| Untracked 
| 131|0x000000008b500000, 0x000000008b500000, 0x000000008b600000|  0%| F|  |TAMS 0x000000008b500000, 0x000000008b500000| Untracked 
| 132|0x000000008b600000, 0x000000008b600000, 0x000000008b700000|  0%| F|  |TAMS 0x000000008b600000, 0x000000008b600000| Untracked 
| 133|0x000000008b700000, 0x000000008b700000, 0x000000008b800000|  0%| F|  |TAMS 0x000000008b700000, 0x000000008b700000| Untracked 
| 134|0x000000008b800000, 0x000000008b800000, 0x000000008b900000|  0%| F|  |TAMS 0x000000008b800000, 0x000000008b800000| Untracked 
| 135|0x000000008b900000, 0x000000008b900000, 0x000000008ba00000|  0%| F|  |TAMS 0x000000008b900000, 0x000000008b900000| Untracked 
| 136|0x000000008ba00000, 0x000000008ba00000, 0x000000008bb00000|  0%| F|  |TAMS 0x000000008ba00000, 0x000000008ba00000| Untracked 
| 137|0x000000008bb00000, 0x000000008bb00000, 0x000000008bc00000|  0%| F|  |TAMS 0x000000008bb00000, 0x000000008bb00000| Untracked 
| 138|0x000000008bc00000, 0x000000008bc00000, 0x000000008bd00000|  0%| F|  |TAMS 0x000000008bc00000, 0x000000008bc00000| Untracked 
| 139|0x000000008bd00000, 0x000000008bd00000, 0x000000008be00000|  0%| F|  |TAMS 0x000000008bd00000, 0x000000008bd00000| Untracked 
| 140|0x000000008be00000, 0x000000008be00000, 0x000000008bf00000|  0%| F|  |TAMS 0x000000008be00000, 0x000000008be00000| Untracked 
| 141|0x000000008bf00000, 0x000000008bf00000, 0x000000008c000000|  0%| F|  |TAMS 0x000000008bf00000, 0x000000008bf00000| Untracked 
| 142|0x000000008c000000, 0x000000008c000000, 0x000000008c100000|  0%| F|  |TAMS 0x000000008c000000, 0x000000008c000000| Untracked 
| 143|0x000000008c100000, 0x000000008c100000, 0x000000008c200000|  0%| F|  |TAMS 0x000000008c100000, 0x000000008c100000| Untracked 
| 144|0x000000008c200000, 0x000000008c200000, 0x000000008c300000|  0%| F|  |TAMS 0x000000008c200000, 0x000000008c200000| Untracked 
| 145|0x000000008c300000, 0x000000008c300000, 0x000000008c400000|  0%| F|  |TAMS 0x000000008c300000, 0x000000008c300000| Untracked 
| 146|0x000000008c400000, 0x000000008c400000, 0x000000008c500000|  0%| F|  |TAMS 0x000000008c400000, 0x000000008c400000| Untracked 
| 147|0x000000008c500000, 0x000000008c500000, 0x000000008c600000|  0%| F|  |TAMS 0x000000008c500000, 0x000000008c500000| Untracked 
| 148|0x000000008c600000, 0x000000008c600000, 0x000000008c700000|  0%| F|  |TAMS 0x000000008c600000, 0x000000008c600000| Untracked 
| 149|0x000000008c700000, 0x000000008c700000, 0x000000008c800000|  0%| F|  |TAMS 0x000000008c700000, 0x000000008c700000| Untracked 
| 150|0x000000008c800000, 0x000000008c800000, 0x000000008c900000|  0%| F|  |TAMS 0x000000008c800000, 0x000000008c800000| Untracked 
| 151|0x000000008c900000, 0x000000008c900000, 0x000000008ca00000|  0%| F|  |TAMS 0x000000008c900000, 0x000000008c900000| Untracked 
| 152|0x000000008ca00000, 0x000000008ca00000, 0x000000008cb00000|  0%| F|  |TAMS 0x000000008ca00000, 0x000000008ca00000| Untracked 
| 153|0x000000008cb00000, 0x000000008cb00000, 0x000000008cc00000|  0%| F|  |TAMS 0x000000008cb00000, 0x000000008cb00000| Untracked 

Card table byte_map: [0x000001fa7df30000,0x000001fa7e320000] _byte_map_base: 0x000001fa7db17000

Marking Bits (Prev, Next): (CMBitMap*) 0x000001fa773dc090, (CMBitMap*) 0x000001fa773dc050
 Prev Bits: [0x000001fa01f40000, 0x000001fa03e78000)
 Next Bits: [0x000001fa00000000, 0x000001fa01f38000)

Polling page: 0x000001fa754f0000

Metaspace:

Usage:
  Non-class:     71.58 MB used.
      Class:     11.67 MB used.
       Both:     83.25 MB used.

Virtual space:
  Non-class space:      128.00 MB reserved,      71.88 MB ( 56%) committed,  2 nodes.
      Class space:        1.00 GB reserved,      11.94 MB (  1%) committed,  1 nodes.
             Both:        1.12 GB reserved,      83.81 MB (  7%) committed. 

Chunk freelists:
   Non-Class:  7.73 MB
       Class:  4.11 MB
        Both:  11.84 MB

MaxMetaspaceSize: unlimited
CompressedClassSpaceSize: 1.00 GB
Initial GC threshold: 21.00 MB
Current GC threshold: 132.50 MB
CDS: off
MetaspaceReclaimPolicy: balanced
 - commit_granule_bytes: 65536.
 - commit_granule_words: 8192.
 - virtual_space_node_default_size: 8388608.
 - enlarge_chunks_in_place: 1.
 - new_chunks_are_fully_committed: 0.
 - uncommit_free_chunks: 1.
 - use_allocation_guard: 0.
 - handle_deallocations: 1.


Internal statistics:

num_allocs_failed_limit: 6.
num_arena_births: 920.
num_arena_deaths: 108.
num_vsnodes_births: 3.
num_vsnodes_deaths: 0.
num_space_committed: 1341.
num_space_uncommitted: 0.
num_chunks_returned_to_freelist: 146.
num_chunks_taken_from_freelist: 3769.
num_chunk_merges: 36.
num_chunk_splits: 2610.
num_chunks_enlarged: 1990.
num_inconsistent_stats: 0.

CodeCache: size=49152Kb used=14636Kb max_used=14636Kb free=34515Kb
 bounds [0x000001fa7aa30000, 0x000001fa7b880000, 0x000001fa7da30000]
 total_blobs=8359 nmethods=7652 adapters=632
 compilation: enabled
              stopped_count=0, restarted_count=0
 full_count=0

Compilation events (20 events):
Event: 43.617 Thread 0x000001fa0d1f5410 7643       1       java.lang.WeakPairMap::get (17 bytes)
Event: 43.618 Thread 0x000001fa0d1f5410 nmethod 7643 0x000001fa7b877090 code [0x000001fa7b8772a0, 0x000001fa7b877818]
Event: 43.664 Thread 0x000001fa0d1f5410 7644       1       java.lang.ThreadGroup::getMaxPriority (5 bytes)
Event: 43.664 Thread 0x000001fa0d1f5410 nmethod 7644 0x000001fa7b877b10 code [0x000001fa7b877ca0, 0x000001fa7b877d78]
Event: 43.665 Thread 0x000001fa0a1c93f0 7645       1       java.util.IdentityHashMap::capacity (29 bytes)
Event: 43.665 Thread 0x000001fa0d1f5410 7646       1       java.lang.Thread::getPriority (5 bytes)
Event: 43.665 Thread 0x000001fa0d1f5410 nmethod 7646 0x000001fa7b878190 code [0x000001fa7b878320, 0x000001fa7b8783f8]
Event: 43.665 Thread 0x000001fa0a1c93f0 nmethod 7645 0x000001fa7b877e10 code [0x000001fa7b877fa0, 0x000001fa7b8780a8]
Event: 43.666 Thread 0x000001fa0d1f5410 7647       1       java.lang.Thread::isDaemon (5 bytes)
Event: 43.666 Thread 0x000001fa0d1f5410 nmethod 7647 0x000001fa7b878490 code [0x000001fa7b878620, 0x000001fa7b8786f8]
Event: 43.687 Thread 0x000001fa0a1c93f0 7648       1       java.util.IdentityHashMap::<init> (44 bytes)
Event: 43.689 Thread 0x000001fa0a1c93f0 nmethod 7648 0x000001fa7b878790 code [0x000001fa7b878980, 0x000001fa7b878ea8]
Event: 43.729 Thread 0x000001fa0d1f5410 7649       1       nonapi.io.github.classgraph.fastzipfilereader.NestedJarHandler$8::<init> (63 bytes)
Event: 43.729 Thread 0x000001fa7f21e030 7650   !   1       nonapi.io.github.classgraph.fileslice.Slice$1::close (28 bytes)
Event: 43.730 Thread 0x000001fa0a1c93f0 7651       1       nonapi.io.github.classgraph.recycler.Recycler::recycle (67 bytes)
Event: 43.730 Thread 0x000001fa0d1f5410 nmethod 7649 0x000001fa7b879110 code [0x000001fa7b8792e0, 0x000001fa7b879728]
Event: 43.730 Thread 0x000001fa0d1f5410 7652       1       nonapi.io.github.classgraph.recycler.Recycler::acquire (53 bytes)
Event: 43.731 Thread 0x000001fa0a1c93f0 nmethod 7651 0x000001fa7b879890 code [0x000001fa7b879a80, 0x000001fa7b879de8]
Event: 43.731 Thread 0x000001fa0d1f5410 nmethod 7652 0x000001fa7b879f90 code [0x000001fa7b87a140, 0x000001fa7b87a3c8]
Event: 43.732 Thread 0x000001fa7f21e030 nmethod 7650 0x000001fa7b87a510 code [0x000001fa7b87a720, 0x000001fa7b87ace8]

GC Heap History (20 events):
Event: 38.037 GC heap after
{Heap after GC invocations=37 (full 0):
 garbage-first heap   total 61440K, used 32558K [0x0000000083200000, 0x0000000100000000)
  region size 1024K, 1 young (1024K), 1 survivors (1024K)
 Metaspace       used 76134K, committed 76736K, reserved 1179648K
  class space    used 10476K, committed 10752K, reserved 1048576K
}
Event: 38.692 GC heap before
{Heap before GC invocations=37 (full 0):
 garbage-first heap   total 61440K, used 49966K [0x0000000083200000, 0x0000000100000000)
  region size 1024K, 18 young (18432K), 1 survivors (1024K)
 Metaspace       used 77786K, committed 78336K, reserved 1179648K
  class space    used 10804K, committed 11072K, reserved 1048576K
}
Event: 38.696 GC heap after
{Heap after GC invocations=38 (full 0):
 garbage-first heap   total 61440K, used 33435K [0x0000000083200000, 0x0000000100000000)
  region size 1024K, 2 young (2048K), 2 survivors (2048K)
 Metaspace       used 77786K, committed 78336K, reserved 1179648K
  class space    used 10804K, committed 11072K, reserved 1048576K
}
Event: 39.104 GC heap before
{Heap before GC invocations=39 (full 0):
 garbage-first heap   total 65536K, used 48795K [0x0000000083200000, 0x0000000100000000)
  region size 1024K, 18 young (18432K), 2 survivors (2048K)
 Metaspace       used 79361K, committed 79872K, reserved 1179648K
  class space    used 11152K, committed 11392K, reserved 1048576K
}
Event: 39.110 GC heap after
{Heap after GC invocations=40 (full 0):
 garbage-first heap   total 65536K, used 34779K [0x0000000083200000, 0x0000000100000000)
  region size 1024K, 3 young (3072K), 3 survivors (3072K)
 Metaspace       used 79361K, committed 79872K, reserved 1179648K
  class space    used 11152K, committed 11392K, reserved 1048576K
}
Event: 39.119 GC heap before
{Heap before GC invocations=40 (full 0):
 garbage-first heap   total 65536K, used 35803K [0x0000000083200000, 0x0000000100000000)
  region size 1024K, 4 young (4096K), 3 survivors (3072K)
 Metaspace       used 79362K, committed 79872K, reserved 1179648K
  class space    used 11152K, committed 11392K, reserved 1048576K
}
Event: 39.125 GC heap after
{Heap after GC invocations=41 (full 0):
 garbage-first heap   total 65536K, used 34580K [0x0000000083200000, 0x0000000100000000)
  region size 1024K, 1 young (1024K), 1 survivors (1024K)
 Metaspace       used 79362K, committed 79872K, reserved 1179648K
  class space    used 11152K, committed 11392K, reserved 1048576K
}
Event: 39.574 GC heap before
{Heap before GC invocations=41 (full 0):
 garbage-first heap   total 65536K, used 51988K [0x0000000083200000, 0x0000000100000000)
  region size 1024K, 19 young (19456K), 1 survivors (1024K)
 Metaspace       used 80837K, committed 81408K, reserved 1179648K
  class space    used 11356K, committed 11648K, reserved 1048576K
}
Event: 39.580 GC heap after
{Heap after GC invocations=42 (full 0):
 garbage-first heap   total 157696K, used 34998K [0x0000000083200000, 0x0000000100000000)
  region size 1024K, 1 young (1024K), 1 survivors (1024K)
 Metaspace       used 80837K, committed 81408K, reserved 1179648K
  class space    used 11356K, committed 11648K, reserved 1048576K
}
Event: 42.273 GC heap before
{Heap before GC invocations=43 (full 0):
 garbage-first heap   total 133120K, used 114870K [0x0000000083200000, 0x0000000100000000)
  region size 1024K, 78 young (79872K), 1 survivors (1024K)
 Metaspace       used 85108K, committed 85632K, reserved 1179648K
  class space    used 11928K, committed 12160K, reserved 1048576K
}
Event: 42.290 GC heap after
{Heap after GC invocations=44 (full 0):
 garbage-first heap   total 133120K, used 43467K [0x0000000083200000, 0x0000000100000000)
  region size 1024K, 9 young (9216K), 9 survivors (9216K)
 Metaspace       used 85108K, committed 85632K, reserved 1179648K
  class space    used 11928K, committed 12160K, reserved 1048576K
}
Event: 42.297 GC heap before
{Heap before GC invocations=44 (full 0):
 garbage-first heap   total 133120K, used 44491K [0x0000000083200000, 0x0000000100000000)
  region size 1024K, 10 young (10240K), 9 survivors (9216K)
 Metaspace       used 85108K, committed 85632K, reserved 1179648K
  class space    used 11928K, committed 12160K, reserved 1048576K
}
Event: 42.314 GC heap after
{Heap after GC invocations=45 (full 0):
 garbage-first heap   total 133120K, used 44948K [0x0000000083200000, 0x0000000100000000)
  region size 1024K, 2 young (2048K), 2 survivors (2048K)
 Metaspace       used 85108K, committed 85632K, reserved 1179648K
  class space    used 11928K, committed 12160K, reserved 1048576K
}
Event: 43.024 GC heap before
{Heap before GC invocations=45 (full 0):
 garbage-first heap   total 133120K, used 99220K [0x0000000083200000, 0x0000000100000000)
  region size 1024K, 55 young (56320K), 2 survivors (2048K)
 Metaspace       used 85204K, committed 85760K, reserved 1179648K
  class space    used 11941K, committed 12224K, reserved 1048576K
}
Event: 43.035 GC heap after
{Heap after GC invocations=46 (full 0):
 garbage-first heap   total 133120K, used 57003K [0x0000000083200000, 0x0000000100000000)
  region size 1024K, 7 young (7168K), 7 survivors (7168K)
 Metaspace       used 85204K, committed 85760K, reserved 1179648K
  class space    used 11941K, committed 12224K, reserved 1048576K
}
Event: 43.431 GC heap before
{Heap before GC invocations=46 (full 0):
 garbage-first heap   total 133120K, used 97963K [0x0000000083200000, 0x0000000100000000)
  region size 1024K, 47 young (48128K), 7 survivors (7168K)
 Metaspace       used 85204K, committed 85760K, reserved 1179648K
  class space    used 11941K, committed 12224K, reserved 1048576K
}
Event: 43.451 GC heap after
{Heap after GC invocations=47 (full 0):
 garbage-first heap   total 133120K, used 67476K [0x0000000083200000, 0x0000000100000000)
  region size 1024K, 6 young (6144K), 6 survivors (6144K)
 Metaspace       used 85204K, committed 85760K, reserved 1179648K
  class space    used 11941K, committed 12224K, reserved 1048576K
}
Event: 43.745 GC heap before
{Heap before GC invocations=47 (full 0):
 garbage-first heap   total 133120K, used 101268K [0x0000000083200000, 0x0000000100000000)
  region size 1024K, 39 young (39936K), 6 survivors (6144K)
 Metaspace       used 85246K, committed 85824K, reserved 1179648K
  class space    used 11948K, committed 12224K, reserved 1048576K
}
Event: 43.757 GC heap after
{Heap after GC invocations=48 (full 0):
 garbage-first heap   total 133120K, used 77781K [0x0000000083200000, 0x0000000100000000)
  region size 1024K, 5 young (5120K), 5 survivors (5120K)
 Metaspace       used 85246K, committed 85824K, reserved 1179648K
  class space    used 11948K, committed 12224K, reserved 1048576K
}
Event: 43.939 GC heap before
{Heap before GC invocations=48 (full 0):
 garbage-first heap   total 133120K, used 103381K [0x0000000083200000, 0x0000000100000000)
  region size 1024K, 31 young (31744K), 5 survivors (5120K)
 Metaspace       used 85246K, committed 85824K, reserved 1179648K
  class space    used 11948K, committed 12224K, reserved 1048576K
}

Dll operation events (10 events):
Event: 0.063 Loaded shared library C:\sts-4.22.0.RELEASE\plugins\org.eclipse.justj.openjdk.hotspot.jre.full.win32.x86_64_17.0.10.v20240120-1143\jre\bin\java.dll
Event: 1.700 Loaded shared library C:\sts-4.22.0.RELEASE\plugins\org.eclipse.justj.openjdk.hotspot.jre.full.win32.x86_64_17.0.10.v20240120-1143\jre\bin\jimage.dll
Event: 1.765 Loaded shared library C:\sts-4.22.0.RELEASE\plugins\org.eclipse.justj.openjdk.hotspot.jre.full.win32.x86_64_17.0.10.v20240120-1143\jre\bin\net.dll
Event: 1.775 Loaded shared library C:\sts-4.22.0.RELEASE\plugins\org.eclipse.justj.openjdk.hotspot.jre.full.win32.x86_64_17.0.10.v20240120-1143\jre\bin\nio.dll
Event: 1.797 Loaded shared library C:\sts-4.22.0.RELEASE\plugins\org.eclipse.justj.openjdk.hotspot.jre.full.win32.x86_64_17.0.10.v20240120-1143\jre\bin\zip.dll
Event: 2.200 Loaded shared library C:\sts-4.22.0.RELEASE\plugins\org.eclipse.justj.openjdk.hotspot.jre.full.win32.x86_64_17.0.10.v20240120-1143\jre\bin\management.dll
Event: 2.274 Loaded shared library C:\sts-4.22.0.RELEASE\plugins\org.eclipse.justj.openjdk.hotspot.jre.full.win32.x86_64_17.0.10.v20240120-1143\jre\bin\management_ext.dll
Event: 3.207 Loaded shared library C:\sts-4.22.0.RELEASE\plugins\org.eclipse.justj.openjdk.hotspot.jre.full.win32.x86_64_17.0.10.v20240120-1143\jre\bin\extnet.dll
Event: 9.537 Loaded shared library C:\sts-4.22.0.RELEASE\plugins\org.eclipse.justj.openjdk.hotspot.jre.full.win32.x86_64_17.0.10.v20240120-1143\jre\bin\sunmscapi.dll
Event: 15.255 Loaded shared library C:\sts-4.22.0.RELEASE\plugins\org.eclipse.justj.openjdk.hotspot.jre.full.win32.x86_64_17.0.10.v20240120-1143\jre\bin\verify.dll

Deoptimization events (4 events):
Event: 10.429 Thread 0x000001fa0abc9960 DEOPT PACKING pc=0x000001fa7b04ffd2 sp=0x0000007aa1cfbd00
Event: 10.430 Thread 0x000001fa0abc9960 DEOPT UNPACKING pc=0x000001fa7aa87143 sp=0x0000007aa1cfb208 mode 3
Event: 37.056 Thread 0x000001fa0abc9960 DEOPT PACKING pc=0x000001fa7b0a4a94 sp=0x0000007aa1cfc490
Event: 37.056 Thread 0x000001fa0abc9960 DEOPT UNPACKING pc=0x000001fa7aa87143 sp=0x0000007aa1cfb9e8 mode 0

Classes unloaded (20 events):
Event: 37.399 Thread 0x000001fa7f214e00 Unloading class 0x0000000100517400 'java/lang/invoke/LambdaForm$MH+0x0000000100517400'
Event: 37.399 Thread 0x000001fa7f214e00 Unloading class 0x0000000100515000 'java/lang/invoke/LambdaForm$DMH+0x0000000100515000'
Event: 37.399 Thread 0x000001fa7f214e00 Unloading class 0x0000000100514800 'java/lang/invoke/LambdaForm$DMH+0x0000000100514800'
Event: 37.399 Thread 0x000001fa7f214e00 Unloading class 0x0000000100514000 'java/lang/invoke/LambdaForm$DMH+0x0000000100514000'
Event: 37.399 Thread 0x000001fa7f214e00 Unloading class 0x0000000100513400 'java/lang/invoke/LambdaForm$MH+0x0000000100513400'
Event: 37.399 Thread 0x000001fa7f214e00 Unloading class 0x0000000100512000 'java/lang/invoke/LambdaForm$MH+0x0000000100512000'
Event: 37.399 Thread 0x000001fa7f214e00 Unloading class 0x0000000100511c00 'java/lang/invoke/LambdaForm$MH+0x0000000100511c00'
Event: 37.399 Thread 0x000001fa7f214e00 Unloading class 0x0000000100511800 'java/lang/invoke/LambdaForm$MH+0x0000000100511800'
Event: 37.399 Thread 0x000001fa7f214e00 Unloading class 0x0000000100511400 'java/lang/invoke/LambdaForm$MH+0x0000000100511400'
Event: 37.399 Thread 0x000001fa7f214e00 Unloading class 0x0000000100510000 'java/lang/invoke/LambdaForm$DMH+0x0000000100510000'
Event: 37.399 Thread 0x000001fa7f214e00 Unloading class 0x0000000100475800 'jdk/internal/reflect/GeneratedConstructorAccessor13'
Event: 37.399 Thread 0x000001fa7f214e00 Unloading class 0x000000010046c400 'jdk/internal/reflect/GeneratedConstructorAccessor12'
Event: 37.399 Thread 0x000001fa7f214e00 Unloading class 0x000000010046c000 'jdk/internal/reflect/GeneratedConstructorAccessor11'
Event: 37.399 Thread 0x000001fa7f214e00 Unloading class 0x0000000100460000 'jdk/internal/reflect/GeneratedConstructorAccessor10'
Event: 37.399 Thread 0x000001fa7f214e00 Unloading class 0x000000010045c000 'jdk/internal/reflect/GeneratedConstructorAccessor9'
Event: 37.399 Thread 0x000001fa7f214e00 Unloading class 0x0000000100342800 'java/lang/invoke/LambdaForm$MH+0x0000000100342800'
Event: 37.399 Thread 0x000001fa7f214e00 Unloading class 0x0000000100341c00 'java/lang/invoke/LambdaForm$MH+0x0000000100341c00'
Event: 37.399 Thread 0x000001fa7f214e00 Unloading class 0x0000000100318400 'java/lang/invoke/LambdaForm$DMH+0x0000000100318400'
Event: 37.399 Thread 0x000001fa7f214e00 Unloading class 0x0000000100157800 'java/lang/invoke/LambdaForm$MH+0x0000000100157800'
Event: 38.781 Thread 0x000001fa7f214e00 Unloading class 0x0000000100a6c400 'jdk/internal/reflect/GeneratedSerializationConstructorAccessor18'

Classes redefined (0 events):
No events

Internal exceptions (20 events):
Event: 43.667 Thread 0x000001fa0cb198d0 Exception <a 'sun/nio/fs/WindowsException'{0x000000008a1d54f0}> (0x000000008a1d54f0) 
thrown [s\src\hotspot\share\prims\jni.cpp, line 516]
Event: 43.667 Thread 0x000001fa0cb198d0 Exception <a 'sun/nio/fs/WindowsException'{0x000000008a1d5830}> (0x000000008a1d5830) 
thrown [s\src\hotspot\share\prims\jni.cpp, line 516]
Event: 43.668 Thread 0x000001fa0cb198d0 Exception <a 'sun/nio/fs/WindowsException'{0x000000008a1d61d8}> (0x000000008a1d61d8) 
thrown [s\src\hotspot\share\prims\jni.cpp, line 516]
Event: 43.668 Thread 0x000001fa0cb198d0 Exception <a 'sun/nio/fs/WindowsException'{0x000000008a1d6550}> (0x000000008a1d6550) 
thrown [s\src\hotspot\share\prims\jni.cpp, line 516]
Event: 43.668 Thread 0x000001fa0cb198d0 Exception <a 'sun/nio/fs/WindowsException'{0x000000008a1d6ed0}> (0x000000008a1d6ed0) 
thrown [s\src\hotspot\share\prims\jni.cpp, line 516]
Event: 43.668 Thread 0x000001fa0cb198d0 Exception <a 'sun/nio/fs/WindowsException'{0x000000008a1d7218}> (0x000000008a1d7218) 
thrown [s\src\hotspot\share\prims\jni.cpp, line 516]
Event: 43.668 Thread 0x000001fa0cb198d0 Exception <a 'sun/nio/fs/WindowsException'{0x000000008a1d7b70}> (0x000000008a1d7b70) 
thrown [s\src\hotspot\share\prims\jni.cpp, line 516]
Event: 43.668 Thread 0x000001fa0cb198d0 Exception <a 'sun/nio/fs/WindowsException'{0x000000008a1d7e80}> (0x000000008a1d7e80) 
thrown [s\src\hotspot\share\prims\jni.cpp, line 516]
Event: 43.668 Thread 0x000001fa0cb198d0 Exception <a 'sun/nio/fs/WindowsException'{0x000000008a1d87e8}> (0x000000008a1d87e8) 
thrown [s\src\hotspot\share\prims\jni.cpp, line 516]
Event: 43.668 Thread 0x000001fa0cb198d0 Exception <a 'sun/nio/fs/WindowsException'{0x000000008a1d8b10}> (0x000000008a1d8b10) 
thrown [s\src\hotspot\share\prims\jni.cpp, line 516]
Event: 43.669 Thread 0x000001fa0cb198d0 Exception <a 'sun/nio/fs/WindowsException'{0x000000008a1d9468}> (0x000000008a1d9468) 
thrown [s\src\hotspot\share\prims\jni.cpp, line 516]
Event: 43.669 Thread 0x000001fa0cb198d0 Exception <a 'sun/nio/fs/WindowsException'{0x000000008a1d9780}> (0x000000008a1d9780) 
thrown [s\src\hotspot\share\prims\jni.cpp, line 516]
Event: 43.669 Thread 0x000001fa0cb198d0 Exception <a 'sun/nio/fs/WindowsException'{0x000000008a1da0e8}> (0x000000008a1da0e8) 
thrown [s\src\hotspot\share\prims\jni.cpp, line 516]
Event: 43.669 Thread 0x000001fa0cb198d0 Exception <a 'sun/nio/fs/WindowsException'{0x000000008a1da410}> (0x000000008a1da410) 
thrown [s\src\hotspot\share\prims\jni.cpp, line 516]
Event: 43.669 Thread 0x000001fa0cb198d0 Exception <a 'sun/nio/fs/WindowsException'{0x000000008a1dad90}> (0x000000008a1dad90) 
thrown [s\src\hotspot\share\prims\jni.cpp, line 516]
Event: 43.669 Thread 0x000001fa0cb198d0 Exception <a 'sun/nio/fs/WindowsException'{0x000000008a1db0d8}> (0x000000008a1db0d8) 
thrown [s\src\hotspot\share\prims\jni.cpp, line 516]
Event: 43.669 Thread 0x000001fa0cb198d0 Exception <a 'sun/nio/fs/WindowsException'{0x000000008a1dba70}> (0x000000008a1dba70) 
thrown [s\src\hotspot\share\prims\jni.cpp, line 516]
Event: 43.669 Thread 0x000001fa0cb198d0 Exception <a 'sun/nio/fs/WindowsException'{0x000000008a1dbdd0}> (0x000000008a1dbdd0) 
thrown [s\src\hotspot\share\prims\jni.cpp, line 516]
Event: 43.670 Thread 0x000001fa0cb198d0 Exception <a 'sun/nio/fs/WindowsException'{0x000000008a1dc760}> (0x000000008a1dc760) 
thrown [s\src\hotspot\share\prims\jni.cpp, line 516]
Event: 43.670 Thread 0x000001fa0cb198d0 Exception <a 'sun/nio/fs/WindowsException'{0x000000008a1dcab8}> (0x000000008a1dcab8) 
thrown [s\src\hotspot\share\prims\jni.cpp, line 516]

VM Operations (20 events):
Event: 41.191 Executing VM operation: HandshakeAllThreads done
Event: 41.193 Executing VM operation: HandshakeAllThreads
Event: 41.193 Executing VM operation: HandshakeAllThreads done
Event: 41.193 Executing VM operation: HandshakeAllThreads
Event: 41.193 Executing VM operation: HandshakeAllThreads done
Event: 42.197 Executing VM operation: Cleanup
Event: 42.226 Executing VM operation: Cleanup done
Event: 42.273 Executing VM operation: G1CollectForAllocation
Event: 42.293 Executing VM operation: G1CollectForAllocation done
Event: 42.296 Executing VM operation: G1CollectForAllocation
Event: 42.314 Executing VM operation: G1CollectForAllocation done
Event: 42.529 Executing VM operation: HandshakeAllThreads
Event: 42.529 Executing VM operation: HandshakeAllThreads done
Event: 43.023 Executing VM operation: G1CollectForAllocation
Event: 43.036 Executing VM operation: G1CollectForAllocation done
Event: 43.423 Executing VM operation: G1CollectForAllocation
Event: 43.452 Executing VM operation: G1CollectForAllocation done
Event: 43.744 Executing VM operation: G1CollectForAllocation
Event: 43.761 Executing VM operation: G1CollectForAllocation done
Event: 43.939 Executing VM operation: G1CollectForAllocation

Events (20 events):
Event: 43.576 Thread 0x000001fa0d628e20 Thread exited: 0x000001fa0d628e20
Event: 43.577 Thread 0x000001fa0cb1b730 Thread exited: 0x000001fa0cb1b730
Event: 43.577 Thread 0x000001fa0cb198d0 Thread exited: 0x000001fa0cb198d0
Event: 43.577 Thread 0x000001fa0cb18490 Thread exited: 0x000001fa0cb18490
Event: 43.577 Thread 0x000001fa0cb1b220 Thread exited: 0x000001fa0cb1b220
Event: 43.578 Thread 0x000001fa0abca380 Thread exited: 0x000001fa0abca380
Event: 43.662 Thread 0x000001fa0cb1a800 Thread added: 0x000001fa0cb1a800
Event: 43.664 Thread 0x000001fa0cb198d0 Thread added: 0x000001fa0cb198d0
Event: 43.664 Thread 0x000001fa0cb189a0 Thread added: 0x000001fa0cb189a0
Event: 43.664 Thread 0x000001fa0cb1b730 Thread added: 0x000001fa0cb1b730
Event: 43.665 Thread 0x000001fa0cb193c0 Thread added: 0x000001fa0cb193c0
Event: 43.665 Thread 0x000001fa0cb17f80 Thread added: 0x000001fa0cb17f80
Event: 43.665 Thread 0x000001fa0cb1b220 Thread added: 0x000001fa0cb1b220
Event: 43.666 Thread 0x000001fa0cb18490 Thread added: 0x000001fa0cb18490
Event: 43.666 Thread 0x000001fa0cb19de0 Thread added: 0x000001fa0cb19de0
Event: 43.666 Thread 0x000001fa0cb18eb0 Thread added: 0x000001fa0cb18eb0
Event: 43.670 Thread 0x000001fa0cb1a2f0 Thread added: 0x000001fa0cb1a2f0
Event: 43.670 Thread 0x000001fa0abca380 Thread added: 0x000001fa0abca380
Event: 43.670 Thread 0x000001fa0d62cff0 Thread added: 0x000001fa0d62cff0
Event: 43.670 Thread 0x000001fa0d629d50 Thread added: 0x000001fa0d629d50


Dynamic libraries:
0x00007ff7d3890000 - 0x00007ff7d389e000 	C:\sts-4.22.0.RELEASE\plugins\org.eclipse.justj.openjdk.hotspot.jre.full.win32.x86_64_17.0.10.v20240120-1143\jre\bin\javaw.exe
0x00007fff24210000 - 0x00007fff24426000 	C:\WINDOWS\SYSTEM32\ntdll.dll
0x00007fff23b90000 - 0x00007fff23c54000 	C:\WINDOWS\System32\KERNEL32.DLL
0x00007fff21530000 - 0x00007fff218d7000 	C:\WINDOWS\System32\KERNELBASE.dll
0x00007fff21da0000 - 0x00007fff21eb1000 	C:\WINDOWS\System32\ucrtbase.dll
0x00007ffef7090000 - 0x00007ffef70a7000 	C:\sts-4.22.0.RELEASE\plugins\org.eclipse.justj.openjdk.hotspot.jre.full.win32.x86_64_17.0.10.v20240120-1143\jre\bin\jli.dll
0x00007fff22150000 - 0x00007fff222fe000 	C:\WINDOWS\System32\USER32.dll
0x00007fff21af0000 - 0x00007fff21b16000 	C:\WINDOWS\System32\win32u.dll
0x00007fff23c60000 - 0x00007fff23c89000 	C:\WINDOWS\System32\GDI32.dll
0x00007fff21be0000 - 0x00007fff21cf9000 	C:\WINDOWS\System32\gdi32full.dll
0x00007fff21a50000 - 0x00007fff21aea000 	C:\WINDOWS\System32\msvcp_win.dll
0x00007fff190a0000 - 0x00007fff190bb000 	C:\sts-4.22.0.RELEASE\plugins\org.eclipse.justj.openjdk.hotspot.jre.full.win32.x86_64_17.0.10.v20240120-1143\jre\bin\VCRUNTIME140.dll
0x00007fff037d0000 - 0x00007fff03a63000 	C:\WINDOWS\WinSxS\amd64_microsoft.windows.common-controls_6595b64144ccf1df_6.0.22621.3235_none_270f74e173860f98\COMCTL32.dll
0x00007fff23f10000 - 0x00007fff23fb7000 	C:\WINDOWS\System32\msvcrt.dll
0x00007fff21ff0000 - 0x00007fff22021000 	C:\WINDOWS\System32\IMM32.DLL
0x00007fff1c360000 - 0x00007fff1c36c000 	C:\sts-4.22.0.RELEASE\plugins\org.eclipse.justj.openjdk.hotspot.jre.full.win32.x86_64_17.0.10.v20240120-1143\jre\bin\vcruntime140_1.dll
0x00007fff0b100000 - 0x00007fff0b18d000 	C:\sts-4.22.0.RELEASE\plugins\org.eclipse.justj.openjdk.hotspot.jre.full.win32.x86_64_17.0.10.v20240120-1143\jre\bin\msvcp140.dll
0x00007ffedfac0000 - 0x00007ffee0722000 	C:\sts-4.22.0.RELEASE\plugins\org.eclipse.justj.openjdk.hotspot.jre.full.win32.x86_64_17.0.10.v20240120-1143\jre\bin\server\jvm.dll
0x00007fff23650000 - 0x00007fff23702000 	C:\WINDOWS\System32\ADVAPI32.dll
0x00007fff23fc0000 - 0x00007fff24068000 	C:\WINDOWS\System32\sechost.dll
0x00007fff21d70000 - 0x00007fff21d98000 	C:\WINDOWS\System32\bcrypt.dll
0x00007fff22300000 - 0x00007fff22415000 	C:\WINDOWS\System32\RPCRT4.dll
0x00007fff0f880000 - 0x00007fff0f889000 	C:\WINDOWS\SYSTEM32\WSOCK32.dll
0x00007fff1a260000 - 0x00007fff1a294000 	C:\WINDOWS\SYSTEM32\WINMM.dll
0x00007fff235d0000 - 0x00007fff23641000 	C:\WINDOWS\System32\WS2_32.dll
0x00007fff21400000 - 0x00007fff2144d000 	C:\WINDOWS\SYSTEM32\POWRPROF.dll
0x00007fff1a0c0000 - 0x00007fff1a0ca000 	C:\WINDOWS\SYSTEM32\VERSION.dll
0x00007fff213e0000 - 0x00007fff213f3000 	C:\WINDOWS\SYSTEM32\UMPDC.dll
0x00007fff20530000 - 0x00007fff20548000 	C:\WINDOWS\SYSTEM32\kernel.appcore.dll
0x00007fff0f220000 - 0x00007fff0f22a000 	C:\sts-4.22.0.RELEASE\plugins\org.eclipse.justj.openjdk.hotspot.jre.full.win32.x86_64_17.0.10.v20240120-1143\jre\bin\jimage.dll
0x00007fff1efe0000 - 0x00007fff1f213000 	C:\WINDOWS\SYSTEM32\DBGHELP.DLL
0x00007fff22420000 - 0x00007fff227a8000 	C:\WINDOWS\System32\combase.dll
0x00007fff24070000 - 0x00007fff24147000 	C:\WINDOWS\System32\OLEAUT32.dll
0x00007fff1b880000 - 0x00007fff1b8b2000 	C:\WINDOWS\SYSTEM32\dbgcore.DLL
0x00007fff21ec0000 - 0x00007fff21f39000 	C:\WINDOWS\System32\bcryptPrimitives.dll
0x00007ffef7060000 - 0x00007ffef7085000 	C:\sts-4.22.0.RELEASE\plugins\org.eclipse.justj.openjdk.hotspot.jre.full.win32.x86_64_17.0.10.v20240120-1143\jre\bin\java.dll
0x00007ffef7040000 - 0x00007ffef7058000 	C:\sts-4.22.0.RELEASE\plugins\org.eclipse.justj.openjdk.hotspot.jre.full.win32.x86_64_17.0.10.v20240120-1143\jre\bin\zip.dll
0x00007fff22d70000 - 0x00007fff235cc000 	C:\WINDOWS\System32\SHELL32.dll
0x00007fff1f440000 - 0x00007fff1fd39000 	C:\WINDOWS\SYSTEM32\windows.storage.dll
0x00007fff1f300000 - 0x00007fff1f43e000 	C:\WINDOWS\SYSTEM32\wintypes.dll
0x00007fff227b0000 - 0x00007fff228a3000 	C:\WINDOWS\System32\SHCORE.dll
0x00007fff22b40000 - 0x00007fff22b9e000 	C:\WINDOWS\System32\shlwapi.dll
0x00007fff21460000 - 0x00007fff21481000 	C:\WINDOWS\SYSTEM32\profapi.dll
0x00007ffef6fc0000 - 0x00007ffef6fd9000 	C:\sts-4.22.0.RELEASE\plugins\org.eclipse.justj.openjdk.hotspot.jre.full.win32.x86_64_17.0.10.v20240120-1143\jre\bin\net.dll
0x00007fff1a8c0000 - 0x00007fff1a9f6000 	C:\WINDOWS\SYSTEM32\WINHTTP.dll
0x00007fff20990000 - 0x00007fff209f9000 	C:\WINDOWS\system32\mswsock.dll
0x00007ffef6fa0000 - 0x00007ffef6fb6000 	C:\sts-4.22.0.RELEASE\plugins\org.eclipse.justj.openjdk.hotspot.jre.full.win32.x86_64_17.0.10.v20240120-1143\jre\bin\nio.dll
0x00007fff19090000 - 0x00007fff19099000 	C:\sts-4.22.0.RELEASE\plugins\org.eclipse.justj.openjdk.hotspot.jre.full.win32.x86_64_17.0.10.v20240120-1143\jre\bin\management.dll
0x00007fff19080000 - 0x00007fff1908b000 	C:\sts-4.22.0.RELEASE\plugins\org.eclipse.justj.openjdk.hotspot.jre.full.win32.x86_64_17.0.10.v20240120-1143\jre\bin\management_ext.dll
0x00007fff228b0000 - 0x00007fff228b8000 	C:\WINDOWS\System32\PSAPI.DLL
0x00007fff09140000 - 0x00007fff09157000 	C:\WINDOWS\system32\napinsp.dll
0x00007fff08760000 - 0x00007fff0877b000 	C:\WINDOWS\system32\pnrpnsp.dll
0x00007fff20010000 - 0x00007fff20109000 	C:\WINDOWS\SYSTEM32\DNSAPI.dll
0x00007fff1ffa0000 - 0x00007fff1ffcd000 	C:\WINDOWS\SYSTEM32\IPHLPAPI.DLL
0x00007fff228c0000 - 0x00007fff228c9000 	C:\WINDOWS\System32\NSI.dll
0x00007fff08740000 - 0x00007fff08751000 	C:\WINDOWS\System32\winrnr.dll
0x00007fff18f20000 - 0x00007fff18f35000 	C:\WINDOWS\system32\wshbth.dll
0x00007fff08710000 - 0x00007fff08731000 	C:\WINDOWS\system32\nlansp_c.dll
0x00007fff14240000 - 0x00007fff1424a000 	C:\Windows\System32\rasadhlp.dll
0x00007fff178d0000 - 0x00007fff17953000 	C:\WINDOWS\System32\fwpuclnt.dll
0x00007fff20c30000 - 0x00007fff20c4b000 	C:\WINDOWS\SYSTEM32\CRYPTSP.dll
0x00007fff20490000 - 0x00007fff204c5000 	C:\WINDOWS\system32\rsaenh.dll
0x00007fff20a30000 - 0x00007fff20a58000 	C:\WINDOWS\SYSTEM32\USERENV.dll
0x00007fff20b90000 - 0x00007fff20b9c000 	C:\WINDOWS\SYSTEM32\CRYPTBASE.dll
0x00007fff19c70000 - 0x00007fff19c89000 	C:\WINDOWS\SYSTEM32\dhcpcsvc6.DLL
0x00007fff194f0000 - 0x00007fff1950f000 	C:\WINDOWS\SYSTEM32\dhcpcsvc.DLL
0x00007fff1ad00000 - 0x00007fff1ad09000 	C:\sts-4.22.0.RELEASE\plugins\org.eclipse.justj.openjdk.hotspot.jre.full.win32.x86_64_17.0.10.v20240120-1143\jre\bin\extnet.dll
0x00007fff1c5b0000 - 0x00007fff1c5be000 	C:\sts-4.22.0.RELEASE\plugins\org.eclipse.justj.openjdk.hotspot.jre.full.win32.x86_64_17.0.10.v20240120-1143\jre\bin\sunmscapi.dll
0x00007fff218e0000 - 0x00007fff21a47000 	C:\WINDOWS\System32\CRYPT32.dll
0x00007fff20e00000 - 0x00007fff20e2e000 	C:\WINDOWS\SYSTEM32\ncrypt.dll
0x00007fff20dc0000 - 0x00007fff20df7000 	C:\WINDOWS\SYSTEM32\NTASN1.dll
0x00007ffef7a80000 - 0x00007ffef7a90000 	C:\sts-4.22.0.RELEASE\plugins\org.eclipse.justj.openjdk.hotspot.jre.full.win32.x86_64_17.0.10.v20240120-1143\jre\bin\verify.dll

dbghelp: loaded successfully - version: 4.0.5 - missing functions: none
symbol engine: initialized successfully - sym options: 0x614 - pdb path: .;C:\sts-4.22.0.RELEASE\plugins\org.eclipse.justj.openjdk.hotspot.jre.full.win32.x86_64_17.0.10.v20240120-1143\jre\bin;C:\WINDOWS\SYSTEM32;C:\WINDOWS\WinSxS\amd64_microsoft.windows.common-controls_6595b64144ccf1df_6.0.22621.3235_none_270f74e173860f98;C:\sts-4.22.0.RELEASE\plugins\org.eclipse.justj.openjdk.hotspot.jre.full.win32.x86_64_17.0.10.v20240120-1143\jre\bin\server

VM Arguments:
jvm_args: -Dcom.sun.management.jmxremote -Dcom.sun.management.jmxremote.port=53281 -Dcom.sun.management.jmxremote.authenticate=false -Dcom.sun.management.jmxremote.ssl=false -Djava.rmi.server.hostname=localhost -Dspring.jmx.enabled=true -Dmanagement.endpoints.jmx.exposure.include=* -Dspring.application.admin.enabled=true -XX:TieredStopAtLevel=1 -Dspring.boot.project.name=findFounder -Dfile.encoding=UTF-8 -Dstdout.encoding=UTF-8 -Dstderr.encoding=UTF-8 -XX:+ShowCodeDetailsInExceptionMessages 
java_command: com.example.demo.FindFounderApplication --spring.output.ansi.enabled=always
java_class_path (initial): C:\Users\82105\Desktop\final_project\FindFounder\findFounder\target\classes;C:\Users\82105\.m2\repository\org\springframework\boot\spring-boot-starter-data-jpa\3.2.2\spring-boot-starter-data-jpa-3.2.2.jar;C:\Users\82105\.m2\repository\org\springframework\boot\spring-boot-starter-aop\3.2.2\spring-boot-starter-aop-3.2.2.jar;C:\Users\82105\.m2\repository\org\aspectj\aspectjweaver\1.9.21\aspectjweaver-1.9.21.jar;C:\Users\82105\.m2\repository\org\springframework\boot\spring-boot-starter-jdbc\3.2.2\spring-boot-starter-jdbc-3.2.2.jar;C:\Users\82105\.m2\repository\com\zaxxer\HikariCP\5.0.1\HikariCP-5.0.1.jar;C:\Users\82105\.m2\repository\org\springframework\spring-jdbc\6.1.3\spring-jdbc-6.1.3.jar;C:\Users\82105\.m2\repository\org\hibernate\orm\hibernate-core\6.4.1.Final\hibernate-core-6.4.1.Final.jar;C:\Users\82105\.m2\repository\jakarta\persistence\jakarta.persistence-api\3.1.0\jakarta.persistence-api-3.1.0.jar;C:\Users\82105\.m2\repository\jakarta\transaction\jakarta.transaction-api\2.0.1\jakarta.transaction-api-2.0.1.jar;C:\Users\82105\.m2\repository\org\jboss\logging\jboss-logging\3.5.3.Final\jboss-logging-3.5.3.Final.jar;C:\Users\82105\.m2\repository\org\hibernate\common\hibernate-commons-annotations\6.0.6.Final\hibernate-commons-annotations-6.0.6.Final.jar;C:\Users\82105\.m2\repository\io\smallrye\jandex\3.1.2\jandex-3.1.2.jar;C:\Users\82105\.m2\repository\com\fasterxml\classmate\1.6.0\classmate-1.6.0.jar;C:\Users\82105\.m2\repository\net\bytebuddy\byte-buddy\1.14.11\byte-buddy-1.14.11.jar;C:\Users\82105\.m2\repository\org\glassfish\jaxb\jaxb-runtime\4.0.4\jaxb-runtime-4.0.4.jar;C:\Users\82105\.m2\repository\org\glassfish\jaxb\jaxb-core\4.0.4\jaxb-core-4.0.4.jar;C:\Users\82105\.m2\repository\org\glassfish\jaxb\txw2\4.0.4\txw2-4.0.4.jar;C:\Users\82105\.m2\repository\com\sun\istack\istack-commons-runtime\4.1.2\istack-commons-runtime-4.1.2.jar;C:\Users\82105\.m2\repository\jakarta\inject\jakarta.inject-api\2.0.1\jakarta.inject-api-2.0.1.jar;C
Launcher Type: SUN_STANDARD

[Global flags]
     intx CICompilerCount                          = 4                                         {product} {ergonomic}
     uint ConcGCThreads                            = 2                                         {product} {ergonomic}
     uint G1ConcRefinementThreads                  = 8                                         {product} {ergonomic}
   size_t G1HeapRegionSize                         = 1048576                                   {product} {ergonomic}
    uintx GCDrainStackTargetSize                   = 64                                        {product} {ergonomic}
   size_t InitialHeapSize                          = 132120576                                 {product} {ergonomic}
     bool ManagementServer                         = true                                      {product} {command line}
   size_t MarkStackSize                            = 4194304                                   {product} {ergonomic}
   size_t MaxHeapSize                              = 2095054848                                {product} {ergonomic}
   size_t MaxNewSize                               = 1256194048                                {product} {ergonomic}
   size_t MinHeapDeltaBytes                        = 1048576                                   {product} {ergonomic}
   size_t MinHeapSize                              = 8388608                                   {product} {ergonomic}
    uintx NonProfiledCodeHeapSize                  = 0                                      {pd product} {ergonomic}
     bool ProfileInterpreter                       = false                                  {pd product} {command line}
    uintx ProfiledCodeHeapSize                     = 0                                      {pd product} {ergonomic}
     bool ShowCodeDetailsInExceptionMessages       = true                                   {manageable} {command line}
   size_t SoftMaxHeapSize                          = 2095054848                             {manageable} {ergonomic}
     intx TieredStopAtLevel                        = 1                                         {product} {command line}
     bool UseCompressedClassPointers               = true                           {product lp64_product} {ergonomic}
     bool UseCompressedOops                        = true                           {product lp64_product} {ergonomic}
     bool UseG1GC                                  = true                                      {product} {ergonomic}
     bool UseLargePagesIndividualAllocation        = false                                  {pd product} {ergonomic}

Logging:
Log output configuration:
 #0: stdout all=warning uptime,level,tags
 #1: stderr all=off uptime,level,tags

Environment Variables:
JAVA_HOME= C:\Program Files\Java\jdk-17.0.10
PATH=C:/sts-4.22.0.RELEASE//plugins/org.eclipse.justj.openjdk.hotspot.jre.full.win32.x86_64_17.0.10.v20240120-1143/jre/bin/server;C:/sts-4.22.0.RELEASE//plugins/org.eclipse.justj.openjdk.hotspot.jre.full.win32.x86_64_17.0.10.v20240120-1143/jre/bin; C:\Program Files\Java\jdk-17.0.10\bin;C:\Program Files\Zulu\zulu-17\bin\;C:\Program Files (x86)\Intel\Intel(R) Management Engine Components\iCLS\;C:\Program Files\Intel\Intel(R) Management Engine Components\iCLS\;C:\WINDOWS\system32;C:\WINDOWS;C:\WINDOWS\System32\Wbem;C:\WINDOWS\System32\WindowsPowerShell\v1.0\;C:\WINDOWS\System32\OpenSSH\;C:\Program Files (x86)\Intel\Intel(R) Management Engine Components\DAL;C:\Program Files\Intel\Intel(R) Management Engine Components\DAL;C:\Program Files\Git\cmd;C:\Program Files\Docker\Docker\resources\bin;C:\Users\82105\AppData\Local\Programs\Python\Launcher\;C:\Users\82105\AppData\Local\Microsoft\WindowsApps;C:\Users\82105\AppData\Local\Programs\Python\Python312\Scripts;;C:\Users\82105\AppData\Local\Programs\Microsoft VS Code\bin;C:\Program Files\JetBrains\IntelliJ IDEA 2023.3.5\bin;;C:\sts-4.22.0.RELEASE;
USERNAME=82105
OS=Windows_NT
PROCESSOR_IDENTIFIER=Intel64 Family 6 Model 142 Stepping 11, GenuineIntel
TMP=C:\Users\82105\AppData\Local\Temp
TEMP=C:\Users\82105\AppData\Local\Temp



Periodic native trim disabled


---------------  S Y S T E M  ---------------

OS:
 Windows 11 , 64 bit Build 22621 (10.0.22621.3374)
OS uptime: 0 days 7:42 hours
Hyper-V role detected

CPU: total 8 (initial active 8) (4 cores per cpu, 2 threads per core) family 6 model 142 stepping 11 microcode 0xde, cx8, cmov, fxsr, ht, mmx, 3dnowpref, sse, sse2, sse3, ssse3, sse4.1, sse4.2, popcnt, lzcnt, tsc, tscinvbit, avx, avx2, aes, erms, clmul, bmi1, bmi2, adx, fma, vzeroupper, clflush, clflushopt, hv
Processor Information for all 8 processors :
  Max Mhz: 1800, Current Mhz: 1600, Mhz Limit: 1584

Memory: 4k page, system-wide physical 7986M (244M free)
TotalPageFile size 20869M (AvailPageFile size 101M)
current process WorkingSet (physical memory assigned to process): 309M, peak: 315M
current process commit charge ("private bytes"): 368M, peak: 544M

vm_info: OpenJDK 64-Bit Server VM (17.0.10+7) for windows-amd64 JRE (17.0.10+7), built on Jan 16 2024 23:25:11 by "admin" with MS VC++ 16.10 / 16.11 (VS2019)

END.
